0 silly argv { _: [ 'version' ], lernaVersion: '4.0.0', '$0': 'lerna' }
1 notice cli v4.0.0
2 verbose rootPath /home/jbing/Vue/xjb521-dev
3 info current version 1.0.0
4 silly isAnythingCommitted
5 verbose isAnythingCommitted 1
6 silly getCurrentBranch
7 verbose currentBranch master
8 silly remoteBranchExists
9 silly isBehindUpstream
10 error Error: Command failed with exit code 1: git remote update
10 error fatal: 无法访问 'https://github.com/xiejiabingice/learn-lerna.git/'：Failed to connect to github.com port 443: 连接超时
10 error error: 不能获取 origin
10 error 正在获取 origin
10 error     at makeError (/home/jbing/Vue/xjb521-dev/node_modules/_execa@5.1.1@execa/lib/error.js:60:11)
10 error     at Function.module.exports.sync (/home/jbing/Vue/xjb521-dev/node_modules/_execa@5.1.1@execa/index.js:194:17)
10 error     at Object.execSync (/home/jbing/Vue/xjb521-dev/node_modules/_@lerna_child-process@4.0.0@@lerna/child-process/index.js:39:16)
10 error     at updateRemote (/home/jbing/Vue/xjb521-dev/node_modules/_@lerna_version@4.0.0@@lerna/version/lib/is-behind-upstream.js:34:16)
10 error     at isBehindUpstream (/home/jbing/Vue/xjb521-dev/node_modules/_@lerna_version@4.0.0@@lerna/version/lib/is-behind-upstream.js:16:3)
10 error     at VersionCommand.initialize (/home/jbing/Vue/xjb521-dev/node_modules/_@lerna_version@4.0.0@@lerna/version/index.js:153:9)
